Added Component: Designator=P18(HDR1X3)
Add component. Clean all parameters for all variants
Add component (AddParameter): Name = "LatestRevisionDate"; Value = "17-Jul-2002"; VariantName = "[No Variations]"
Add component (AddParameter): Name = "LatestRevisionNote"; Value = "Re-released for DXP Platform."; VariantName = "[No Variations]"
Add component (AddParameter): Name = "Publisher"; Value = "Altium Limited"; VariantName = "[No Variations]"
Added Pin To Net: NetName=DC3P3V Pin=P18-1
Added Pin To Net: NetName=GND Pin=P18-2
Change Net Name : Old Net Name=FREE_PIN1 New Net Name=FREE_PA4
Change Net Name : Old Net Name=FREE_PIN8 New Net Name=FREE_PB7
Added Pin To Net: NetName=DO Pin=P18-3
Added Pin To Net: NetName=DO Pin=U1-45
Added Net: Name=DO
Added Pin To Net: NetName=FREE_PA5 Pin=P16-3
Added Pin To Net: NetName=FREE_PA5 Pin=U1-21
Added Net: Name=FREE_PA5
Added Pin To Net: NetName=FREE_PA15 Pin=P16-5
Added Pin To Net: NetName=FREE_PA15 Pin=U1-50
Added Net: Name=FREE_PA15
Added Pin To Net: NetName=FREE_PB0 Pin=P16-7
Added Pin To Net: NetName=FREE_PB0 Pin=U1-26
Added Net: Name=FREE_PB0
Added Pin To Net: NetName=FREE_PB1 Pin=P16-9
Added Pin To Net: NetName=FREE_PB1 Pin=U1-27
Added Net: Name=FREE_PB1
Added Pin To Net: NetName=FREE_PB3 Pin=P16-11
Added Pin To Net: NetName=FREE_PB3 Pin=U1-55
Added Net: Name=FREE_PB3
Added Pin To Net: NetName=FREE_PB4 Pin=P16-2
Added Pin To Net: NetName=FREE_PB4 Pin=U1-56
Added Net: Name=FREE_PB4
Added Pin To Net: NetName=FREE_PB5 Pin=P16-4
Added Pin To Net: NetName=FREE_PB5 Pin=U1-57
Added Net: Name=FREE_PB5
Added Pin To Net: NetName=FREE_PB6 Pin=P16-6
Added Pin To Net: NetName=FREE_PB6 Pin=U1-58
Added Net: Name=FREE_PB6
Added Pin To Net: NetName=FREE_PC13 Pin=P16-10
Added Pin To Net: NetName=FREE_PC13 Pin=U1-2
Added Net: Name=FREE_PC13
Added Member To Class: ClassName=robot_lfy Member=Component P18 Header 3
