Removed Pin From Net: NetName=FREE_PB4 Pin=P16-2
Removed Pin From Net: NetName=FREE_PB5 Pin=P16-4
Removed Pin From Net: NetName=FREE_PA15 Pin=P16-5
Removed Pin From Net: NetName=FREE_PB6 Pin=P16-6
Removed Pin From Net: NetName=FREE_PB1 Pin=P16-7
Removed Pin From Net: NetName=FREE_PB7 Pin=P16-8
Removed Pin From Net: NetName=FREE_PB3 Pin=P16-9
Removed Pin From Net: NetName=DC5V Pin=U4-2
Removed Pin From Net: NetName=DC5V Pin=U6-1
Removed Pin From Net: NetName=GND Pin=U6-4
Removed Member From Class: ClassName=robot_lfy Member=U6
Added Pin To Net: NetName=FREE_PB3 Pin=P16-2
Added Pin To Net: NetName=FREE_PB4 Pin=P16-4
Added Pin To Net: NetName=FREE_PB5 Pin=P16-6
Added Pin To Net: NetName=FREE_PA15 Pin=P16-7
Added Pin To Net: NetName=FREE_PB6 Pin=P16-8
Added Pin To Net: NetName=FREE_PB1 Pin=P16-9
Added Pin To Net: NetName=FREE_PB7 Pin=P16-10
Added Pin To Net: NetName=DC3P3V Pin=U4-2
Added Pin To Net: NetName=EN Pin=U1-54
Added Pin To Net: NetName=EN Pin=U4-1
Added Net: Name=EN
Added Pin To Net: NetName=FREE_PA8 Pin=P16-5
Added Pin To Net: NetName=FREE_PA8 Pin=U1-41
Added Net: Name=FREE_PA8
Added Room: Name=robot_lfy
